<?xml version="1.0" encoding="UTF-8"?>
<!-- Generated by org.testng.reporters.JUnitXMLReporter -->
<testsuite ignored="0" hostname="MYSHEC554614L" failures="0" tests="3" name="Default test" time="4.982" errors="0" timestamp="06 May 2022 09:07:00 GMT">
  <testcase classname="StepDefination.DataProvide" name="test" time="3.57"/>
  <testcase classname="StepDefination.DataProvide" name="test" time="0.716"/>
  <testcase classname="StepDefination.DataProvide" name="test" time="0.635"/>
</testsuite> <!-- Default test -->
