<?xml version="1.0" encoding="UTF-8"?>
<testng-results ignored="0" total="3" passed="3" failed="0" skipped="0">
  <reporter-output>
  </reporter-output>
  <suite started-at="2022-05-06T09:06:55Z" name="Default suite" finished-at="2022-05-06T09:07:00Z" duration-ms="4982">
    <groups>
    </groups>
    <test started-at="2022-05-06T09:06:55Z" name="Default test" finished-at="2022-05-06T09:07:00Z" duration-ms="4982">
      <class name="StepDefination.DataProvide">
        <test-method signature="test(java.lang.String, java.lang.String)[pri:0, instance:StepDefination.DataProvide@62010f5c]" started-at="2022-05-06T09:06:55Z" name="test" data-provider="login" finished-at="2022-05-06T09:06:58Z" duration-ms="3570" status="PASS">
          <params>
            <param index="0">
              <value>
                <![CDATA[eve.holt@reqres.in]]>
              </value>
            </param>
            <param index="1">
              <value>
                <![CDATA[cityslicka]]>
              </value>
            </param>
          </params>
          <reporter-output>
          </reporter-output>
        </test-method> <!-- test -->
        <test-method signature="test(java.lang.String, java.lang.String)[pri:0, instance:StepDefination.DataProvide@62010f5c]" started-at="2022-05-06T09:06:58Z" name="test" data-provider="login" finished-at="2022-05-06T09:06:59Z" duration-ms="716" status="PASS">
          <params>
            <param index="0">
              <value>
                <![CDATA[eve.holt@reqres.in]]>
              </value>
            </param>
            <param index="1">
              <value>
                <![CDATA[pistol]]>
              </value>
            </param>
          </params>
          <reporter-output>
          </reporter-output>
        </test-method> <!-- test -->
        <test-method signature="test(java.lang.String, java.lang.String)[pri:0, instance:StepDefination.DataProvide@62010f5c]" started-at="2022-05-06T09:06:59Z" name="test" data-provider="login" finished-at="2022-05-06T09:07:00Z" duration-ms="635" status="PASS">
          <params>
            <param index="0">
              <value>
                <![CDATA[eve.holt@reqres.in]]>
              </value>
            </param>
            <param index="1">
              <value>
                <![CDATA[france32]]>
              </value>
            </param>
          </params>
          <reporter-output>
          </reporter-output>
        </test-method> <!-- test -->
      </class> <!-- StepDefination.DataProvide -->
    </test> <!-- Default test -->
  </suite> <!-- Default suite -->
</testng-results>
